Arguments: 
  /Users/sergekamya/.nvm/versions/node/v14.17.3/bin/node /Users/sergekamya/.nvm/versions/node/v14.17.3/bin/yarn add rspec

PATH: 
  /Users/sergekamya/.rvm/gems/ruby-2.5.1/bin:/Users/sergekamya/.rvm/gems/ruby-2.5.1@global/bin:/Users/sergekamya/.rvm/rubies/ruby-2.5.1/bin:/Users/sergekamya/.rvm/bin:/Users/sergekamya/.nvm/versions/node/v14.17.3/bin:/opt/homebrew/bin:/opt/homebrew/sbin:/usr/local/bin:/usr/bin:/bin:/usr/sbin:/sbin

Yarn version: 
  1.22.11

Node version: 
  14.17.3

Platform: 
  darwin arm64

Trace: 
  Error: https://registry.yarnpkg.com/rspec: Not found
      at Request.params.callback [as _callback] (/Users/sergekamya/.nvm/versions/node/v14.17.3/lib/node_modules/yarn/lib/cli.js:66992:18)
      at Request.self.callback (/Users/sergekamya/.nvm/versions/node/v14.17.3/lib/node_modules/yarn/lib/cli.js:140763:22)
      at Request.emit (events.js:375:28)
      at Request.<anonymous> (/Users/sergekamya/.nvm/versions/node/v14.17.3/lib/node_modules/yarn/lib/cli.js:141735:10)
      at Request.emit (events.js:375:28)
      at IncomingMessage.<anonymous> (/Users/sergekamya/.nvm/versions/node/v14.17.3/lib/node_modules/yarn/lib/cli.js:141657:12)
      at Object.onceWrapper (events.js:481:28)
      at IncomingMessage.emit (events.js:387:35)
      at endReadableNT (internal/streams/readable.js:1317:12)
      at processTicksAndRejections (internal/process/task_queues.js:82:21)

npm manifest: 
  No manifest

yarn manifest: 
  No manifest

Lockfile: 
  No lockfile
